<?xml version="1.0" encoding="UTF-8"?>
<testng-results ignored="0" total="1" passed="1" failed="0" skipped="0">
  <reporter-output>
  </reporter-output>
  <suite started-at="2019-07-30T18:50:10Z" name="softwaretestingmaterial" finished-at="2019-07-30T18:50:10Z" duration-ms="60">
    <groups>
    </groups>
    <test started-at="2019-07-30T18:50:10Z" name="testngTest" finished-at="2019-07-30T18:50:10Z" duration-ms="60">
      <class name="com.firstDemo.App">
        <test-method signature="firsttest()[pri:0, instance:com.firstDemo.App@20d3d15a]" started-at="2019-07-30T18:50:10Z" name="firsttest" finished-at="2019-07-30T18:50:10Z" duration-ms="21" status="PASS">
          <reporter-output>
          </reporter-output>
        </test-method> <!-- firsttest -->
      </class> <!-- com.firstDemo.App -->
    </test> <!-- testngTest -->
  </suite> <!-- softwaretestingmaterial -->
</testng-results>
